Build started 2/9/2017 2:25:46 PM.
     1>Project "C:\Users\sydia\Desktop\Lab4\GPU_MatMul\GPU_MatMul.vcxproj" on node 3 (Build target(s)).
     1>AddCudaCompileDeps:
         C:\Program Files (x86)\Microsoft Visual Studio 12.0\VC\bin\x86_amd64\cl.exe /E /nologo /showIncludes /TP /D__CUDACC__ /DWIN32 /DWIN64 /DNDEBUG /D_CONSOLE /D_MBCS /I"C:\Program Files\NVIDIA GPU Computing Toolkit\CUDA\v7.5\include" /I"C:\Program Files\NVIDIA GPU Computing Toolkit\CUDA\v7.5\bin" /I"C:\Program Files\NVIDIA GPU Computing Toolkit\CUDA\v7.5\include" /I. /FIcuda_runtime.h /c C:\Users\sydia\Desktop\Lab4\GPU_MatMul\kernel.cu 
       CudaBuild:
         Compiling CUDA source file kernel.cu...
         cmd.exe /C "C:\Users\sydia\AppData\Local\Temp\tmp58894436e0374bb5a4b31e18d72076ec.cmd"
         "C:\Program Files\NVIDIA GPU Computing Toolkit\CUDA\v7.5\bin\nvcc.exe" -gencode=arch=compute_20,code=\"sm_20,compute_20\" --use-local-env --cl-version 2013 -ccbin "C:\Program Files (x86)\Microsoft Visual Studio 12.0\VC\bin\x86_amd64"  -I"C:\Program Files\NVIDIA GPU Computing Toolkit\CUDA\v7.5\include" -I"C:\Program Files\NVIDIA GPU Computing Toolkit\CUDA\v7.5\include"     --keep-dir x64\Submission -maxrregcount=0  --machine 64 --compile -cudart static     -DWIN32 -DWIN64 -DNDEBUG -D_CONSOLE -D_MBCS -Xcompiler "/EHsc /W3 /nologo /O2 /Zi  /MD " -o Submission\kernel.cu.obj "C:\Users\sydia\Desktop\Lab4\GPU_MatMul\kernel.cu"
         
         C:\Users\sydia\Desktop\Lab4\GPU_MatMul>"C:\Program Files\NVIDIA GPU Computing Toolkit\CUDA\v7.5\bin\nvcc.exe" -gencode=arch=compute_20,code=\"sm_20,compute_20\" --use-local-env --cl-version 2013 -ccbin "C:\Program Files (x86)\Microsoft Visual Studio 12.0\VC\bin\x86_amd64"  -I"C:\Program Files\NVIDIA GPU Computing Toolkit\CUDA\v7.5\include" -I"C:\Program Files\NVIDIA GPU Computing Toolkit\CUDA\v7.5\include"     --keep-dir x64\Submission -maxrregcount=0  --machine 64 --compile -cudart static     -DWIN32 -DWIN64 -DNDEBUG -D_CONSOLE -D_MBCS -Xcompiler "/EHsc /W3 /nologo /O2 /Zi  /MD " -o Submission\kernel.cu.obj "C:\Users\sydia\Desktop\Lab4\GPU_MatMul\kernel.cu" 
     1>C:/Users/sydia/Desktop/Lab4/GPU_MatMul/kernel.cu(95): warning : variable "hostC" is used before its value is set
     1>C:/Users/sydia/Desktop/Lab4/GPU_MatMul/kernel.cu(26): warning : variable "deviceA" was declared but never referenced
     1>C:/Users/sydia/Desktop/Lab4/GPU_MatMul/kernel.cu(27): warning : variable "deviceB" was declared but never referenced
     1>C:/Users/sydia/Desktop/Lab4/GPU_MatMul/kernel.cu(28): warning : variable "deviceC" was declared but never referenced
     1>C:/Users/sydia/Desktop/Lab4/GPU_MatMul/kernel.cu(95): warning : variable "hostC" is used before its value is set
     1>C:/Users/sydia/Desktop/Lab4/GPU_MatMul/kernel.cu(26): warning : variable "deviceA" was declared but never referenced
     1>C:/Users/sydia/Desktop/Lab4/GPU_MatMul/kernel.cu(27): warning : variable "deviceB" was declared but never referenced
     1>C:/Users/sydia/Desktop/Lab4/GPU_MatMul/kernel.cu(28): warning : variable "deviceC" was declared but never referenced
         kernel.cu
     1>c:\users\sydia\desktop\lab4\gpu_matmul\kernel.cu(95): warning C4700: uninitialized local variable 'hostC' used
       Link:
         C:\Program Files (x86)\Microsoft Visual Studio 12.0\VC\bin\x86_amd64\link.exe /ERRORREPORT:PROMPT /OUT:"C:\Users\sydia\Desktop\Lab4\Submission\GPU_MatMul.exe" /NOLOGO /LIBPATH:"C:\Program Files\NVIDIA GPU Computing Toolkit\CUDA\v7.5\lib\x64" wb.lib cudart.lib kernel32.lib user32.lib gdi32.lib winspool.lib comdlg32.lib advapi32.lib shell32.lib ole32.lib oleaut32.lib uuid.lib odbc32.lib odbccp32.lib kernel32.lib user32.lib gdi32.lib winspool.lib comdlg32.lib advapi32.lib shell32.lib ole32.lib oleaut32.lib uuid.lib odbc32.lib odbccp32.lib /MANIFEST /MANIFESTUAC:"level='asInvoker' uiAccess='false'" /manifest:embed /DEBUG /PDB:"C:\Users\sydia\Desktop\Lab4\Submission\GPU_MatMul.pdb" /SUBSYSTEM:CONSOLE /OPT:REF /OPT:ICF /LTCG /TLBID:1 /DYNAMICBASE /NXCOMPAT /IMPLIB:"C:\Users\sydia\Desktop\Lab4\Submission\GPU_MatMul.lib" /MACHINE:X64 Submission\kernel.cu.obj
         LINK : /LTCG specified but no code generation required; remove /LTCG from the link command line to improve linker performance
         GPU_MatMul.vcxproj -> C:\Users\sydia\Desktop\Lab4\Submission\GPU_MatMul.exe
       PostBuildEvent:
         echo copy "C:\Program Files\NVIDIA GPU Computing Toolkit\CUDA\v7.5\bin\cudart64*.dll" "C:\Users\sydia\Desktop\Lab4\Submission\"
         copy "C:\Program Files\NVIDIA GPU Computing Toolkit\CUDA\v7.5\bin\cudart64*.dll" "C:\Users\sydia\Desktop\Lab4\Submission\"
         copy C:\Users\sydia\Desktop\Lab4\GPU_MatMul\kernel.cu C:\Users\sydia\Desktop\Lab4\Submission\GPU_MatMul.cu
         DEL C:\Users\sydia\Desktop\Lab4\Submission\*.pdb
         :VCEnd
         copy "C:\Program Files\NVIDIA GPU Computing Toolkit\CUDA\v7.5\bin\cudart64*.dll" "C:\Users\sydia\Desktop\Lab4\Submission\"
         C:\Program Files\NVIDIA GPU Computing Toolkit\CUDA\v7.5\bin\cudart64_75.dll
                 1 file(s) copied.
                 1 file(s) copied.
         Could Not Find C:\Users\sydia\Desktop\Lab4\Submission\*.pdb
     1>Done Building Project "C:\Users\sydia\Desktop\Lab4\GPU_MatMul\GPU_MatMul.vcxproj" (Build target(s)).

Build succeeded.

Time Elapsed 00:00:35.19
