Build started 2/14/2017 7:22:13 PM.
     1>Project "C:\Users\sydia\Desktop\CMPUT398-Lab-4\GPU_MatMul\GPU_MatMul.vcxproj" on node 3 (Rebuild target(s)).
     1>CudaClean:
         cmd.exe /C "C:\Users\sydia\AppData\Local\Temp\tmpdf74965035de46dc9ccca6638d81530f.cmd"
         "C:\Program Files\NVIDIA GPU Computing Toolkit\CUDA\v7.5\bin\nvcc.exe" -ccbin "C:\Program Files (x86)\Microsoft Visual Studio 12.0\VC\bin\x86_amd64"  -I"C:\Program Files\NVIDIA GPU Computing Toolkit\CUDA\v7.5\include" -I"C:\Program Files\NVIDIA GPU Computing Toolkit\CUDA\v7.5\include"  -G   --keep-dir x64\Debug -maxrregcount=0  --machine 64 --compile   -g   -DLAB_DEBUG -DWIN32 -DWIN64 -D_DEBUG -D_CONSOLE -D_MBCS -Xcompiler "/EHsc /W3 /nologo /Od /Zi /RTC1 /MDd " -o Debug\kernel.cu.obj "C:\Users\sydia\Desktop\CMPUT398-Lab-4\GPU_MatMul\kernel.cu" -clean
         
         C:\Users\sydia\Desktop\CMPUT398-Lab-4\GPU_MatMul>"C:\Program Files\NVIDIA GPU Computing Toolkit\CUDA\v7.5\bin\nvcc.exe" -ccbin "C:\Program Files (x86)\Microsoft Visual Studio 12.0\VC\bin\x86_amd64"  -I"C:\Program Files\NVIDIA GPU Computing Toolkit\CUDA\v7.5\include" -I"C:\Program Files\NVIDIA GPU Computing Toolkit\CUDA\v7.5\include"  -G   --keep-dir x64\Debug -maxrregcount=0  --machine 64 --compile   -g   -DLAB_DEBUG -DWIN32 -DWIN64 -D_DEBUG -D_CONSOLE -D_MBCS -Xcompiler "/EHsc /W3 /nologo /Od /Zi /RTC1 /MDd " -o Debug\kernel.cu.obj "C:\Users\sydia\Desktop\CMPUT398-Lab-4\GPU_MatMul\kernel.cu" -clean 
         kernel.cu
       AddCudaCompileDeps:
         C:\Program Files (x86)\Microsoft Visual Studio 12.0\VC\bin\x86_amd64\cl.exe /E /nologo /showIncludes /TP /D__CUDACC__ /DLAB_DEBUG /DWIN32 /DWIN64 /D_DEBUG /D_CONSOLE /D_MBCS /I"C:\Program Files\NVIDIA GPU Computing Toolkit\CUDA\v7.5\include" /I"C:\Program Files\NVIDIA GPU Computing Toolkit\CUDA\v7.5\bin" /I"C:\Program Files\NVIDIA GPU Computing Toolkit\CUDA\v7.5\include" /I. /FIcuda_runtime.h /c C:\Users\sydia\Desktop\CMPUT398-Lab-4\GPU_MatMul\kernel.cu 
       CudaBuild:
         Compiling CUDA source file kernel.cu...
         cmd.exe /C "C:\Users\sydia\AppData\Local\Temp\tmpefdc2cc9650249f1a7a30a6877856f23.cmd"
         "C:\Program Files\NVIDIA GPU Computing Toolkit\CUDA\v7.5\bin\nvcc.exe" -gencode=arch=compute_20,code=\"sm_20,compute_20\" --use-local-env --cl-version 2013 -ccbin "C:\Program Files (x86)\Microsoft Visual Studio 12.0\VC\bin\x86_amd64"  -I"C:\Program Files\NVIDIA GPU Computing Toolkit\CUDA\v7.5\include" -I"C:\Program Files\NVIDIA GPU Computing Toolkit\CUDA\v7.5\include"  -G   --keep-dir x64\Debug -maxrregcount=0  --machine 64 --compile -cudart static  -g   -DLAB_DEBUG -DWIN32 -DWIN64 -D_DEBUG -D_CONSOLE -D_MBCS -Xcompiler "/EHsc /W3 /nologo /Od /Zi /RTC1 /MDd " -o Debug\kernel.cu.obj "C:\Users\sydia\Desktop\CMPUT398-Lab-4\GPU_MatMul\kernel.cu"
         
         C:\Users\sydia\Desktop\CMPUT398-Lab-4\GPU_MatMul>"C:\Program Files\NVIDIA GPU Computing Toolkit\CUDA\v7.5\bin\nvcc.exe" -gencode=arch=compute_20,code=\"sm_20,compute_20\" --use-local-env --cl-version 2013 -ccbin "C:\Program Files (x86)\Microsoft Visual Studio 12.0\VC\bin\x86_amd64"  -I"C:\Program Files\NVIDIA GPU Computing Toolkit\CUDA\v7.5\include" -I"C:\Program Files\NVIDIA GPU Computing Toolkit\CUDA\v7.5\include"  -G   --keep-dir x64\Debug -maxrregcount=0  --machine 64 --compile -cudart static  -g   -DLAB_DEBUG -DWIN32 -DWIN64 -D_DEBUG -D_CONSOLE -D_MBCS -Xcompiler "/EHsc /W3 /nologo /Od /Zi /RTC1 /MDd " -o Debug\kernel.cu.obj "C:\Users\sydia\Desktop\CMPUT398-Lab-4\GPU_MatMul\kernel.cu" 
     1>C:/Users/sydia/Desktop/CMPUT398-Lab-4/GPU_MatMul/kernel.cu(14): warning : variable "numCRows" was declared but never referenced
     1>C:/Users/sydia/Desktop/CMPUT398-Lab-4/GPU_MatMul/kernel.cu(14): warning : variable "numCRows" was declared but never referenced
         kernel.cu
       Link:
         C:\Program Files (x86)\Microsoft Visual Studio 12.0\VC\bin\x86_amd64\link.exe /ERRORREPORT:PROMPT /OUT:"C:\Users\sydia\Desktop\CMPUT398-Lab-4\Debug\GPU_MatMul.exe" /INCREMENTAL /NOLOGO /LIBPATH:"C:\Program Files\NVIDIA GPU Computing Toolkit\CUDA\v7.5\lib\x64" wb.lib cudart.lib kernel32.lib user32.lib gdi32.lib winspool.lib comdlg32.lib advapi32.lib shell32.lib ole32.lib oleaut32.lib uuid.lib odbc32.lib odbccp32.lib kernel32.lib user32.lib gdi32.lib winspool.lib comdlg32.lib advapi32.lib shell32.lib ole32.lib oleaut32.lib uuid.lib odbc32.lib odbccp32.lib /MANIFEST /MANIFESTUAC:"level='asInvoker' uiAccess='false'" /manifest:embed /DEBUG /PDB:"C:\Users\sydia\Desktop\CMPUT398-Lab-4\Debug\GPU_MatMul.pdb" /SUBSYSTEM:CONSOLE /TLBID:1 /DYNAMICBASE /NXCOMPAT /IMPLIB:"C:\Users\sydia\Desktop\CMPUT398-Lab-4\Debug\GPU_MatMul.lib" /MACHINE:X64 Debug\kernel.cu.obj
     1>wb.lib(wbArg.obj) : warning LNK4099: PDB 'vc120.pdb' was not found with 'wb.lib(wbArg.obj)' or at 'C:\Users\sydia\Desktop\CMPUT398-Lab-4\Debug\vc120.pdb'; linking object as if no debug info
     1>wb.lib(wbExit.obj) : warning LNK4099: PDB 'vc120.pdb' was not found with 'wb.lib(wbExit.obj)' or at 'C:\Users\sydia\Desktop\CMPUT398-Lab-4\Debug\vc120.pdb'; linking object as if no debug info
     1>wb.lib(wbExport.obj) : warning LNK4099: PDB 'vc120.pdb' was not found with 'wb.lib(wbExport.obj)' or at 'C:\Users\sydia\Desktop\CMPUT398-Lab-4\Debug\vc120.pdb'; linking object as if no debug info
     1>wb.lib(wbFile.obj) : warning LNK4099: PDB 'vc120.pdb' was not found with 'wb.lib(wbFile.obj)' or at 'C:\Users\sydia\Desktop\CMPUT398-Lab-4\Debug\vc120.pdb'; linking object as if no debug info
     1>wb.lib(wbImage.obj) : warning LNK4099: PDB 'vc120.pdb' was not found with 'wb.lib(wbImage.obj)' or at 'C:\Users\sydia\Desktop\CMPUT398-Lab-4\Debug\vc120.pdb'; linking object as if no debug info
     1>wb.lib(wbImport.obj) : warning LNK4099: PDB 'vc120.pdb' was not found with 'wb.lib(wbImport.obj)' or at 'C:\Users\sydia\Desktop\CMPUT398-Lab-4\Debug\vc120.pdb'; linking object as if no debug info
     1>wb.lib(wbInit.obj) : warning LNK4099: PDB 'vc120.pdb' was not found with 'wb.lib(wbInit.obj)' or at 'C:\Users\sydia\Desktop\CMPUT398-Lab-4\Debug\vc120.pdb'; linking object as if no debug info
     1>wb.lib(wbLogger.obj) : warning LNK4099: PDB 'vc120.pdb' was not found with 'wb.lib(wbLogger.obj)' or at 'C:\Users\sydia\Desktop\CMPUT398-Lab-4\Debug\vc120.pdb'; linking object as if no debug info
     1>wb.lib(wbPPM.obj) : warning LNK4099: PDB 'vc120.pdb' was not found with 'wb.lib(wbPPM.obj)' or at 'C:\Users\sydia\Desktop\CMPUT398-Lab-4\Debug\vc120.pdb'; linking object as if no debug info
     1>wb.lib(wbSolution.obj) : warning LNK4099: PDB 'vc120.pdb' was not found with 'wb.lib(wbSolution.obj)' or at 'C:\Users\sydia\Desktop\CMPUT398-Lab-4\Debug\vc120.pdb'; linking object as if no debug info
     1>wb.lib(wbTimer.obj) : warning LNK4099: PDB 'vc120.pdb' was not found with 'wb.lib(wbTimer.obj)' or at 'C:\Users\sydia\Desktop\CMPUT398-Lab-4\Debug\vc120.pdb'; linking object as if no debug info
     1>wb.lib(json11.obj) : warning LNK4099: PDB 'vc120.pdb' was not found with 'wb.lib(json11.obj)' or at 'C:\Users\sydia\Desktop\CMPUT398-Lab-4\Debug\vc120.pdb'; linking object as if no debug info
         GPU_MatMul.vcxproj -> C:\Users\sydia\Desktop\CMPUT398-Lab-4\Debug\GPU_MatMul.exe
       PostBuildEvent:
         echo copy "C:\Program Files\NVIDIA GPU Computing Toolkit\CUDA\v7.5\bin\cudart*.dll" "C:\Users\sydia\Desktop\CMPUT398-Lab-4\Debug\"
         copy "C:\Program Files\NVIDIA GPU Computing Toolkit\CUDA\v7.5\bin\cudart*.dll" "C:\Users\sydia\Desktop\CMPUT398-Lab-4\Debug\"
         :VCEnd
         copy "C:\Program Files\NVIDIA GPU Computing Toolkit\CUDA\v7.5\bin\cudart*.dll" "C:\Users\sydia\Desktop\CMPUT398-Lab-4\Debug\"
         C:\Program Files\NVIDIA GPU Computing Toolkit\CUDA\v7.5\bin\cudart32_75.dll
         C:\Program Files\NVIDIA GPU Computing Toolkit\CUDA\v7.5\bin\cudart64_75.dll
                 2 file(s) copied.
     1>Done Building Project "C:\Users\sydia\Desktop\CMPUT398-Lab-4\GPU_MatMul\GPU_MatMul.vcxproj" (Rebuild target(s)).

Build succeeded.

Time Elapsed 00:00:10.25
